make all --print-data-base --no-builtin-variables --no-builtin-rules --question
make: *** No rule to make target 'all'.  Stop.

# GNU Make 4.2.1
# Built for x86_64-pc-linux-gnu
# Copyright (C) 1988-2016 Free Software Foundation, Inc.
# License GPLv3+: GNU GPL version 3 or later <http://gnu.org/licenses/gpl.html>
# This is free software: you are free to change and redistribute it.
# There is NO WARRANTY, to the extent permitted by law.

# Make data base, printed on Fri Jun 10 18:01:26 2022

# Variables

# 'override' directive
GNUMAKEFLAGS := 
# automatic
<D = $(patsubst %/,%,$(dir $<))
# automatic
?F = $(notdir $?)
# environment
DESKTOP_SESSION = ubuntu
# default
.SHELLFLAGS := -c
# environment
XDG_SESSION_CLASS = user
# environment
SNAP_COMMON = /var/snap/code/common
# environment
XDG_SESSION_TYPE = x11
# environment
VSCODE_LOG_NATIVE = false
# automatic
?D = $(patsubst %/,%,$(dir $?))
# environment
IM_CONFIG_PHASE = 1
# automatic
@D = $(patsubst %/,%,$(dir $@))
# environment
XAUTHORITY = /run/user/1000/gdm/Xauthority
# environment
GDMSESSION = ubuntu
# environment
XMODIFIERS = @im=ibus
# makefile
CURDIR := /home/billmich/Desktop/tictactoe_ai
# makefile
SHELL = /bin/sh
# environment
SNAP_DATA = /var/snap/code/97
# environment
VSCODE_NLS_CONFIG = {"locale":"en-us","availableLanguages":{},"_languagePackSupport":true}
# environment
JOURNAL_STREAM = 8:46774
# environment
XDG_CONFIG_DIRS = /etc/xdg/xdg-ubuntu:/etc/xdg
# environment
SNAP_INSTANCE_NAME = code
# environment
SNAP_ARCH = amd64
# makefile (from 'makefile', line 1)
MAKEFILE_LIST :=  makefile
# automatic
@F = $(notdir $@)
# environment
GIO_LAUNCHED_DESKTOP_FILE = /var/lib/snapd/desktop/applications/code_code.desktop
# environment
USERNAME = billmich
# environment
MAKELEVEL := 0
# environment
MANDATORY_PATH = /usr/share/gconf/ubuntu.mandatory.path
# environment
XDG_DATA_DIRS = /usr/share/ubuntu:/usr/local/share/:/usr/share/:/var/lib/snapd/desktop
# environment
DBUS_SESSION_BUS_ADDRESS = unix:path=/run/user/1000/bus
# environment
VSCODE_VERBOSE_LOGGING = true
# environment
_ = /snap/code/97/usr/share/code/code
# environment
MANAGERPID = 1654
# environment
LESSOPEN = | /usr/bin/lesspipe %s
# environment
LC_NAME = el_GR.UTF-8
# environment
VSCODE_CWD = /home/billmich
# environment
GSETTINGS_SCHEMA_DIR = /snap/code/97/usr/share/glib-2.0/schemas
# default
MAKE_HOST := x86_64-pc-linux-gnu
# environment
PATH = /home/billmich/.local/bin:/home/billmich/.local/bin:/usr/local/sbin:/usr/local/bin:/usr/sbin:/usr/bin:/sbin:/bin:/usr/games:/usr/local/games:/snap/bin
# environment
GPG_AGENT_INFO = /run/user/1000/gnupg/S.gpg-agent:0:1
# environment
SESSION_MANAGER = local/billmich:@/tmp/.ICE-unix/1902,unix/billmich:/tmp/.ICE-unix/1902
# environment
XDG_RUNTIME_DIR = /run/user/1000
# environment
GDK_PIXBUF_MODULE_FILE = /home/billmich/snap/code/common/.cache/gdk-pixbuf-loaders.cache
# environment
SNAP = /snap/code/97
# environment
SNAP_VERSION = c3511e6c
# environment
XDG_MENU_PREFIX = gnome-
# environment
VSCODE_LOG_STACK = false
# environment
DISABLE_WAYLAND = 1
# environment
ELECTRON_RUN_AS_NODE = 1
# environment
INVOCATION_ID = 259a52ae635f48a488206888d4257ac4
# environment
GDK_PIXBUF_MODULEDIR = /snap/code/97/usr/lib/x86_64-linux-gnu/gdk-pixbuf-2.0/2.10.0/loaders
# default
.FEATURES := target-specific order-only second-expansion else-if shortest-stem undefine oneshell archives jobserver output-sync check-symlink load
# environment
LS_COLORS = 
# environment
XDG_SESSION_DESKTOP = ubuntu
# environment
SSH_AUTH_SOCK = /run/user/1000/keyring/ssh
# environment
GIO_LAUNCHED_DESKTOP_FILE_PID = 2420
# automatic
%F = $(notdir $%)
# environment
DISPLAY = :0
# environment
VSCODE_PIPE_LOGGING = true
# environment
SNAP_INSTANCE_KEY = 
# environment
PWD = /home/billmich/Desktop/tictactoe_ai
# default
.LOADED := 
# environment
SSH_AGENT_PID = 1862
# environment
ORIGINAL_XDG_CURRENT_DESKTOP = ubuntu:GNOME
# environment
GTK_MODULES = gail:atk-bridge
# environment
VSCODE_AMD_ENTRYPOINT = vs/workbench/api/node/extensionHostProcess
# environment
HOME = /home/billmich
# environment
LESSCLOSE = /usr/bin/lesspipe %s %s
# environment
VSCODE_CLI = 1
# environment
VSCODE_CODE_CACHE_PATH = /home/billmich/.config/Code/CachedData/c3511e6c69bb39013c4a4b7b9566ec1ca73fc4d5
# environment
LOGNAME = billmich
# environment
APPLICATION_INSIGHTS_NO_DIAGNOSTIC_CHANNEL = 1
# environment
SNAP_LIBRARY_PATH = /var/lib/snapd/lib/gl:/var/lib/snapd/lib/gl32:/var/lib/snapd/void
# environment
SNAP_CONTEXT = zkFqhQvvBJGTusCLV6M027pAwNAh275xgl6iUD-SrRhNi2g_U7VL
# automatic
+F = $(notdir $+)
# environment
ELECTRON_NO_ATTACH_CONSOLE = 1
# environment
SNAP_USER_COMMON = /home/billmich/snap/code/common
# environment
VSCODE_HANDLES_UNCAUGHT_ERRORS = true
# environment
GNOME_DESKTOP_SESSION_ID = this-is-deprecated
# automatic
^D = $(patsubst %/,%,$(dir $^))
# environment
LC_TIME = el_GR.UTF-8
# environment
SNAP_REAL_HOME = /home/billmich
# default
MAKE = $(MAKE_COMMAND)
# default
MAKECMDGOALS := all
# environment
QT_IM_MODULE = ibus
# environment
SNAP_USER_DATA = /home/billmich/snap/code/97
# environment
SHLVL = 0
# environment
GNOME_SHELL_SESSION_MODE = ubuntu
 
# environment
VSCODE_IPC_HOOK_EXTHOST = /run/user/1000/vscode-ipc-19364303-29dc-4654-a8bc-d0e988c2bd0b.sock
# default
MAKE_VERSION := 4.2.1
# environment
USER = billmich
# environment
SNAP_REVISION = 97
# environment
LC_MONETARY = el_GR.UTF-8
# makefile
.DEFAULT_GOAL := test
# environment
XDG_CURRENT_DESKTOP = Unity
# automatic
%D = $(patsubst %/,%,$(dir $%))
# environment
LC_TELEPHONE = el_GR.UTF-8
# default
MAKE_COMMAND := make
# default
.VARIABLES := 
# automatic
*F = $(notdir $*)
# environment
VSCODE_IPC_HOOK = /run/user/1000/vscode-f471aa1c-1.67.2-main.sock
# environment
BAMF_DESKTOP_FILE_HINT = /var/lib/snapd/desktop/applications/code_code.desktop
# makefile
MAKEFLAGS = pqrR
# environment
MFLAGS = -pqrR
# automatic
*D = $(patsubst %/,%,$(dir $*))
# automatic
+D = $(patsubst %/,%,$(dir $+))
# environment
GDK_BACKEND = x11
# environment
LC_PAPER = el_GR.UTF-8
# environment
LC_IDENTIFICATION = el_GR.UTF-8
# environment
QT_ACCESSIBILITY = 1
# environment
DEFAULTS_PATH = /usr/share/gconf/ubuntu.default.path
# default
MAKEFILES := 
# environment
SNAP_COOKIE = zkFqhQvvBJGTusCLV6M027pAwNAh275xgl6iUD-SrRhNi2g_U7VL
# environment
LC_NUMERIC = el_GR.UTF-8
# automatic
<F = $(notdir $<)
# environment
LC_MEASUREMENT = el_GR.UTF-8
# environment
SNAP_NAME = code
# environment
LC_ALL = C
# environment
GJS_DEBUG_TOPICS = JS ERROR;JS LOG
# automatic
^F = $(notdir $^)
# default
SUFFIXES := 
# environment
SNAP_REEXEC = 
# environment
CHROME_DESKTOP = code-url-handler.desktop
# environment
WINDOWPATH = 2
# default
.INCLUDE_DIRS = /usr/include /usr/local/include /usr/include
# environment
GJS_DEBUG_OUTPUT = stderr
# default
.RECIPEPREFIX := 
# environment
LC_ADDRESS = el_GR.UTF-8
# environment
LANG = C
# environment
VSCODE_PID = 2565
# variable set hash-table stats:
# Load=131/1024=13%, Rehash=0, Collisions=23/156=15%

# Pattern-specific Variable Values

# No pattern-specific variable values.

# Directories

# . (device 2053, inode 1576633): 16 files, no impossibilities.

# 16 files, no impossibilities in 1 directories.

# Implicit Rules

# No implicit rules.

# Files

# Not a target:
all:
#  Command line target.
#  Implicit rule search has been done.
#  File does not exist.
#  File has not been updated.

test:
#  Implicit rule search has not been done.
#  Modification time never checked.
#  File has not been updated.
#  recipe to execute (from 'makefile', line 2):
	g++ ai_trainerO.cc
	gnome-terminal -e ./a.out
	g++ ai_trainerX.cc
	gnome-terminal -e ./a.out
 
	g++ test_main.cc -l sqlite3
	gnome-terminal -e ./a.out
	

# Not a target:
makefile:
#  Implicit rule search has been done.
#  Last modified 2022-06-10 18:00:31.974951902
#  File has been updated.
#  Successfully updated.

# Not a target:
.DEFAULT:
#  Implicit rule search has not been done.
#  Modification time never checked.
#  File has not been updated.

# files hash-table stats:
# Load=5/1024=0%, Rehash=0, Collisions=0/15=0%
# VPATH Search Paths

# No 'vpath' search paths.

# No general ('VPATH' variable) search path.

# strcache buffers: 1 (0) / strings = 22 / storage = 199 B / avg = 9 B
# current buf: size = 8162 B / used = 199 B / count = 22 / avg = 9 B

# strcache performance: lookups = 27 / hit rate = 18%
# hash-table stats:
# Load=22/8192=0%, Rehash=0, Collisions=1/27=4%
# Finished Make data base on Fri Jun 10 18:01:26 2022

 
